#
# A fatal error has been detected by the Java Runtime Environment:
#
#  SIGSEGV (0xb) at pc=0x00007f2b6f9f0b06, pid=13590, tid=139824502425344
#
# JRE version: Java(TM) SE Runtime Environment (8.0_51-b16) (build 1.8.0_51-b16)
# Java VM: Java HotSpot(TM) 64-Bit Server VM (25.51-b03 mixed mode linux-amd64 compressed oops)
# Problematic frame:
# C  [fglrx_dri.so+0xc99b06]
#
# Core dump written. Default location: /home/ritz/git/tripzilch/glsl-liveproc/glslLiveproc/core or core.13590
#
# If you would like to submit a bug report, please visit:
#   http://bugreport.java.com/bugreport/crash.jsp
# The crash happened outside the Java Virtual Machine in native code.
# See problematic frame for where to report the bug.
#

---------------  T H R E A D  ---------------

Current thread (0x00007f2bc45be000):  JavaThread "main-FPSAWTAnimator#00-Timer0" [_thread_in_native, id=13635, stack(0x00007f2b6dbc4000,0x00007f2b6dcc5000)]

siginfo: si_signo: 11 (SIGSEGV), si_code: 1 (SEGV_MAPERR), si_addr: 0x0000000000000010

Registers:
RAX=0x0000000000000000, RBX=0x0000000000000000, RCX=0x00007f2b840f5ce0, RDX=0x0000000000000000
RSP=0x00007f2b6dcc29e0, RBP=0x00007f2b85149e50, RSI=0x00007f2b801e6f90, RDI=0x0000000000000000
R8 =0x0000000000000000, R9 =0x00007f2b85b06c10, R10=0x0000000000000000, R11=0x0000000000000000
R12=0x00007f2b6dcc2a80, R13=0x0000000000000002, R14=0x00007f2b841232b8, R15=0x0000000000000001
RIP=0x00007f2b6f9f0b06, EFLAGS=0x0000000000010246, CSGSFS=0x0000000000000033, ERR=0x0000000000000004
  TRAPNO=0x000000000000000e

Top of Stack: (sp=0x00007f2b6dcc29e0)
0x00007f2b6dcc29e0:   6101050461010504 0000000000000004
0x00007f2b6dcc29f0:   6101050461010504 0101050461010504
0x00007f2b6dcc2a00:   00007f2b84ae3c00 00007f2b84161268
0x00007f2b6dcc2a10:   0000000000000000 00007f2b84006bf0
0x00007f2b6dcc2a20:   00007f2b6dcc2e30 00007f2b6dcc2e20
0x00007f2b6dcc2a30:   00007f2b6dcc2e10 00007f2b6dcc2e60
0x00007f2b6dcc2a40:   00007f2b840f5ce0 0000000100000000
0x00007f2b6dcc2a50:   00007f2b84006bf0 0000000084176038
0x00007f2b6dcc2a60:   0000000000000001 00007f2b841762c0
0x00007f2b6dcc2a70:   0000000061010504 00007f2b6ff974be
0x00007f2b6dcc2a80:   0000000000000000 00007f2b840f5ce0
0x00007f2b6dcc2a90:   0000000000000000 0000000000000000
0x00007f2b6dcc2aa0:   00007f2b84ae3db0 0000000000000000
0x00007f2b6dcc2ab0:   00007f2b85149e50 0000000000000000
0x00007f2b6dcc2ac0:   0000000000000000 00000f0000001e00
0x00007f2b6dcc2ad0:   00007f2b85a5b7c0 0000000000000000
0x00007f2b6dcc2ae0:   0000000000000000 0000000000000000
0x00007f2b6dcc2af0:   00007f2b85a5bde0 0000000000000000
0x00007f2b6dcc2b00:   0000000000000000 0000000000000000
0x00007f2b6dcc2b10:   0000000000000000 00000f0000001e00
0x00007f2b6dcc2b20:   00007f2b8512c000 0000000000000000
0x00007f2b6dcc2b30:   0000000000000000 0000000000000000
0x00007f2b6dcc2b40:   00007f2b84ae3db0 0000000000000000
0x00007f2b6dcc2b50:   00007f2b85149e50 0000000000000000
0x00007f2b6dcc2b60:   0000000000000000 00000f0000001e00
0x00007f2b6dcc2b70:   0000000000000000 00007f2b8419efa0
0x00007f2b6dcc2b80:   0000000000000000 00007f2b00000000
0x00007f2b6dcc2b90:   00007f2b00001e00 00007f2b00001e00
0x00007f2b6dcc2ba0:   000000003f800000 00007f2b84ae3508
0x00007f2b6dcc2bb0:   000000003f800000 00007f2b6dcc2c80
0x00007f2b6dcc2bc0:   0000000000000000 0000000000000000
0x00007f2b6dcc2bd0:   0000000000000000 0000000000000000 

Instructions: (pc=0x00007f2b6f9f0b06)
0x00007f2b6f9f0ae6:   85 c0 89 43 08 75 09 48 8b 03 48 89 df ff 50 08
0x00007f2b6f9f0af6:   48 8b 84 24 a0 00 00 00 4c 8d a4 24 a0 00 00 00
0x00007f2b6f9f0b06:   48 8b 40 10 e9 65 f8 ff ff 48 8b 5c 24 60 48 81
0x00007f2b6f9f0b16:   c3 98 bf 02 00 48 89 df e8 1d 27 03 00 48 8b 7c 

Register to memory mapping:

RAX=0x0000000000000000 is an unknown value
RBX=0x0000000000000000 is an unknown value
RCX=0x00007f2b840f5ce0 is an unknown value
RDX=0x0000000000000000 is an unknown value
RSP=0x00007f2b6dcc29e0 is pointing into the stack for thread: 0x00007f2bc45be000
RBP=0x00007f2b85149e50 is an unknown value
RSI=0x00007f2b801e6f90 is an unknown value
RDI=0x0000000000000000 is an unknown value
R8 =0x0000000000000000 is an unknown value
R9 =0x00007f2b85b06c10 is an unknown value
R10=0x0000000000000000 is an unknown value
R11=0x0000000000000000 is an unknown value
R12=0x00007f2b6dcc2a80 is pointing into the stack for thread: 0x00007f2bc45be000
R13=0x0000000000000002 is an unknown value
R14=0x00007f2b841232b8 is an unknown value
R15=0x0000000000000001 is an unknown value


Stack: [0x00007f2b6dbc4000,0x00007f2b6dcc5000],  sp=0x00007f2b6dcc29e0,  free space=1018k
Native frames: (J=compiled Java code, j=interpreted, Vv=VM code, C=native code)
C  [fglrx_dri.so+0xc99b06]

Java frames: (J=compiled Java code, j=interpreted, Vv=VM code)
J 1515  jogamp.opengl.gl4.GL4bcImpl.dispatch_glBlitFramebuffer1(IIIIIIIIIIJ)V (0 bytes) @ 0x00007f2bb422eaf5 [0x00007f2bb422ea80+0x75]
J 1965 C2 processing.opengl.PGraphicsOpenGL.endDraw()V (72 bytes) @ 0x00007f2bb44213d8 [0x00007f2bb4420f40+0x498]
J 2059 C2 glslLiveproc$Julia.render(Lprocessing/core/PGraphics;FFFF)V (197 bytes) @ 0x00007f2bb4478bc4 [0x00007f2bb44781a0+0xa24]
j  glslLiveproc$Julia.render(Lprocessing/core/PGraphics;III)V+62
j  glslLiveproc.keyPressed()V+914
J 2094 C1 processing.core.PApplet.handleKeyEvent(Lprocessing/event/KeyEvent;)V (193 bytes) @ 0x00007f2bb448f0dc [0x00007f2bb448ea20+0x6bc]
J 2052 C2 processing.core.PApplet.handleDraw()V (252 bytes) @ 0x00007f2bb4471b00 [0x00007f2bb4471540+0x5c0]
j  processing.opengl.PSurfaceJOGL$DrawListener.display(Lcom/jogamp/opengl/GLAutoDrawable;)V+107
j  jogamp.opengl.GLDrawableHelper.displayImpl(Lcom/jogamp/opengl/GLAutoDrawable;)V+62
j  jogamp.opengl.GLDrawableHelper.display(Lcom/jogamp/opengl/GLAutoDrawable;)V+2
j  jogamp.opengl.GLAutoDrawableBase$2.run()V+59
J 2051 C2 jogamp.opengl.GLDrawableHelper.invokeGLImpl(Lcom/jogamp/opengl/GLDrawable;Lcom/jogamp/opengl/GLContext;Ljava/lang/Runnable;Ljava/lang/Runnable;)V (579 bytes) @ 0x00007f2bb446db74 [0x00007f2bb446d840+0x334]
J 2008 C2 com.jogamp.opengl.util.AWTAnimatorImpl.display(Ljava/util/ArrayList;ZZ)V (170 bytes) @ 0x00007f2bb40a98ac [0x00007f2bb40a9620+0x28c]
J 2009 C2 com.jogamp.opengl.util.FPSAnimator$MainTask.run()V (805 bytes) @ 0x00007f2bb4057c08 [0x00007f2bb4057b40+0xc8]
j  java.util.TimerThread.mainLoop()V+221
j  java.util.TimerThread.run()V+1
v  ~StubRoutines::call_stub

---------------  P R O C E S S  ---------------

Java Threads: ( => current thread )
  0x00007f2bc4010800 JavaThread "DestroyJavaVM" [_thread_blocked, id=13592, stack(0x00007f2bca1eb000,0x00007f2bca2ec000)]
=>0x00007f2bc45be000 JavaThread "main-FPSAWTAnimator#00-Timer0" [_thread_in_native, id=13635, stack(0x00007f2b6dbc4000,0x00007f2b6dcc5000)]
  0x00007f2bc45b8800 JavaThread "Thread-2" [_thread_blocked, id=13634, stack(0x00007f2b6dcc5000,0x00007f2b6ddc6000)]
  0x00007f2bc47f9000 JavaThread "main-SharedResourceRunner" daemon [_thread_blocked, id=13633, stack(0x00007f2ba0b4f000,0x00007f2ba0c50000)]
  0x00007f2bc464a800 JavaThread "main-SharedResourceRunner" daemon [_thread_blocked, id=13632, stack(0x00007f2ba0213000,0x00007f2ba0314000)]
  0x00007f2bc4602800 JavaThread "main-Display-.x11_:0.0-1-EDT-1" daemon [_thread_blocked, id=13631, stack(0x00007f2b73634000,0x00007f2b73735000)]
  0x00007f2bc4304800 JavaThread "AWT-XAWT" daemon [_thread_in_native, id=13620, stack(0x00007f2ba1396000,0x00007f2ba1497000)]
  0x00007f2bc42e1000 JavaThread "Java2D Disposer" daemon [_thread_blocked, id=13618, stack(0x00007f2ba18a7000,0x00007f2ba19a8000)]
  0x00007f2bc40d1800 JavaThread "Service Thread" daemon [_thread_blocked, id=13614, stack(0x00007f2ba35f4000,0x00007f2ba36f5000)]
  0x00007f2bc40cc800 JavaThread "C1 CompilerThread1" daemon [_thread_blocked, id=13613, stack(0x00007f2ba36f5000,0x00007f2ba37f6000)]
  0x00007f2bc40c9800 JavaThread "C2 CompilerThread0" daemon [_thread_blocked, id=13612, stack(0x00007f2ba37f6000,0x00007f2ba38f7000)]
  0x00007f2b8c001000 JavaThread "JDWP Command Reader" daemon [_thread_in_native, id=13606, stack(0x00007f2ba38f7000,0x00007f2ba39f8000)]
  0x00007f2bc40c7800 JavaThread "JDWP Event Helper Thread" daemon [_thread_blocked, id=13600, stack(0x00007f2ba39f8000,0x00007f2ba3af9000)]
  0x00007f2bc40c3800 JavaThread "JDWP Transport Listener: dt_socket" daemon [_thread_blocked, id=13599, stack(0x00007f2ba3af9000,0x00007f2ba3bfa000)]
  0x00007f2bc40b6800 JavaThread "Signal Dispatcher" daemon [_thread_blocked, id=13598, stack(0x00007f2ba3dfe000,0x00007f2ba3eff000)]
  0x00007f2bc4081000 JavaThread "Finalizer" daemon [_thread_blocked, id=13597, stack(0x00007f2ba3eff000,0x00007f2ba4000000)]
  0x00007f2bc407f000 JavaThread "Reference Handler" daemon [_thread_blocked, id=13596, stack(0x00007f2bb0077000,0x00007f2bb0178000)]

Other Threads:
  0x00007f2bc407a000 VMThread [stack: 0x00007f2bb0178000,0x00007f2bb0279000] [id=13595]
  0x00007f2bc40d4000 WatcherThread [stack: 0x00007f2ba34f3000,0x00007f2ba35f4000] [id=13616]

VM state:not at safepoint (normal execution)

VM Mutex/Monitor currently owned by a thread: None

Heap:
 PSYoungGen      total 26624K, used 23486K [0x00000000ed780000, 0x00000000f0300000, 0x0000000100000000)
  eden space 26112K, 89% used [0x00000000ed780000,0x00000000eee47b30,0x00000000ef100000)
  from space 512K, 31% used [0x00000000ef180000,0x00000000ef1a8000,0x00000000ef200000)
  to   space 9216K, 0% used [0x00000000efa00000,0x00000000efa00000,0x00000000f0300000)
 ParOldGen       total 38400K, used 16563K [0x00000000c8600000, 0x00000000cab80000, 0x00000000ed780000)
  object space 38400K, 43% used [0x00000000c8600000,0x00000000c962cfd8,0x00000000cab80000)
 Metaspace       used 18034K, capacity 18216K, committed 18560K, reserved 1067008K
  class space    used 1567K, capacity 1628K, committed 1664K, reserved 1048576K

Card table byte_map: [0x00007f2bb36f8000,0x00007f2bb38b6000] byte_map_base: 0x00007f2bb30b5000

Marking Bits: (ParMarkBitMap*) 0x00007f2bc96d8660
 Begin Bits: [0x00007f2bb17fd000, 0x00007f2bb25e5000)
 End Bits:   [0x00007f2bb25e5000, 0x00007f2bb33cd000)

Polling page: 0x00007f2bca31f000

CodeCache: size=245760Kb used=8541Kb max_used=8835Kb free=237218Kb
 bounds [0x00007f2bb3c76000, 0x00007f2bb4526000, 0x00007f2bc2c76000]
 total_blobs=2871 nmethods=1913 adapters=881
 compilation: enabled

Compilation events (10 events):
Event: 704,471 Thread 0x00007f2bc40cc800 2141       3       java.lang.StringBuilder::append (8 bytes)
Event: 704,472 Thread 0x00007f2bc40cc800 nmethod 2141 0x00007f2bb411cf90 code [0x00007f2bb411d100, 0x00007f2bb411d2a8]
Event: 704,473 Thread 0x00007f2bc40cc800 2142       3       java.lang.AbstractStringBuilder::append (62 bytes)
Event: 704,482 Thread 0x00007f2bc40cc800 nmethod 2142 0x00007f2bb416fc90 code [0x00007f2bb416fe60, 0x00007f2bb4170548]
Event: 708,382 Thread 0x00007f2bc40cc800 2143 %     3       processing.opengl.PGL::initTexture @ 63 (114 bytes)
Event: 708,388 Thread 0x00007f2bc40cc800 nmethod 2143% 0x00007f2bb411d910 code [0x00007f2bb411db60, 0x00007f2bb411ec58]
Event: 708,445 Thread 0x00007f2bc40cc800 2144       3       processing.opengl.PGL::initTexture (114 bytes)
Event: 708,452 Thread 0x00007f2bc40cc800 nmethod 2144 0x00007f2bb41774d0 code [0x00007f2bb4177720, 0x00007f2bb4178618]
Event: 710,293 Thread 0x00007f2bc40c9800 2145 %     4       processing.opengl.PGL::initTexture @ 63 (114 bytes)
Event: 710,310 Thread 0x00007f2bc40c9800 nmethod 2145% 0x00007f2bb41fab50 code [0x00007f2bb41facc0, 0x00007f2bb41fb0a8]

GC Heap History (10 events):
Event: 229,220 GC heap before
{Heap before GC invocations=7 (full 0):
 PSYoungGen      total 37376K, used 30743K [0x00000000ed780000, 0x00000000f0580000, 0x0000000100000000)
  eden space 28672K, 100% used [0x00000000ed780000,0x00000000ef380000,0x00000000ef380000)
  from space 8704K, 23% used [0x00000000efd00000,0x00000000eff05d90,0x00000000f0580000)
  to   space 9216K, 0% used [0x00000000ef380000,0x00000000ef380000,0x00000000efc80000)
 ParOldGen       total 38400K, used 14387K [0x00000000c8600000, 0x00000000cab80000, 0x00000000ed780000)
  object space 38400K, 37% used [0x00000000c8600000,0x00000000c940cd20,0x00000000cab80000)
 Metaspace       used 17988K, capacity 18152K, committed 18560K, reserved 1067008K
  class space    used 1566K, capacity 1628K, committed 1664K, reserved 1048576K
Event: 229,262 GC heap after
Heap after GC invocations=7 (full 0):
 PSYoungGen      total 37376K, used 1130K [0x00000000ed780000, 0x00000000f0600000, 0x0000000100000000)
  eden space 28160K, 0% used [0x00000000ed780000,0x00000000ed780000,0x00000000ef300000)
  from space 9216K, 12% used [0x00000000ef380000,0x00000000ef49aad8,0x00000000efc80000)
  to   space 9728K, 0% used [0x00000000efc80000,0x00000000efc80000,0x00000000f0600000)
 ParOldGen       total 38400K, used 15460K [0x00000000c8600000, 0x00000000cab80000, 0x00000000ed780000)
  object space 38400K, 40% used [0x00000000c8600000,0x00000000c95190a0,0x00000000cab80000)
 Metaspace       used 17988K, capacity 18152K, committed 18560K, reserved 1067008K
  class space    used 1566K, capacity 1628K, committed 1664K, reserved 1048576K
}
Event: 308,807 GC heap before
{Heap before GC invocations=8 (full 0):
 PSYoungGen      total 37376K, used 29290K [0x00000000ed780000, 0x00000000f0600000, 0x0000000100000000)
  eden space 28160K, 100% used [0x00000000ed780000,0x00000000ef300000,0x00000000ef300000)
  from space 9216K, 12% used [0x00000000ef380000,0x00000000ef49aad8,0x00000000efc80000)
  to   space 9728K, 0% used [0x00000000efc80000,0x00000000efc80000,0x00000000f0600000)
 ParOldGen       total 38400K, used 15460K [0x00000000c8600000, 0x00000000cab80000, 0x00000000ed780000)
  object space 38400K, 40% used [0x00000000c8600000,0x00000000c95190a0,0x00000000cab80000)
 Metaspace       used 17992K, capacity 18152K, committed 18560K, reserved 1067008K
  class space    used 1567K, capacity 1628K, committed 1664K, reserved 1048576K
Event: 308,819 GC heap after
Heap after GC invocations=8 (full 0):
 PSYoungGen      total 36864K, used 256K [0x00000000ed780000, 0x00000000f0580000, 0x0000000100000000)
  eden space 27648K, 0% used [0x00000000ed780000,0x00000000ed780000,0x00000000ef280000)
  from space 9216K, 2% used [0x00000000efc80000,0x00000000efcc0000,0x00000000f0580000)
  to   space 9728K, 0% used [0x00000000ef280000,0x00000000ef280000,0x00000000efc00000)
 ParOldGen       total 38400K, used 16339K [0x00000000c8600000, 0x00000000cab80000, 0x00000000ed780000)
  object space 38400K, 42% used [0x00000000c8600000,0x00000000c95f4fd8,0x00000000cab80000)
 Metaspace       used 17992K, capacity 18152K, committed 18560K, reserved 1067008K
  class space    used 1567K, capacity 1628K, committed 1664K, reserved 1048576K
}
Event: 399,516 GC heap before
{Heap before GC invocations=9 (full 0):
 PSYoungGen      total 36864K, used 27904K [0x00000000ed780000, 0x00000000f0580000, 0x0000000100000000)
  eden space 27648K, 100% used [0x00000000ed780000,0x00000000ef280000,0x00000000ef280000)
  from space 9216K, 2% used [0x00000000efc80000,0x00000000efcc0000,0x00000000f0580000)
  to   space 9728K, 0% used [0x00000000ef280000,0x00000000ef280000,0x00000000efc00000)
 ParOldGen       total 38400K, used 16339K [0x00000000c8600000, 0x00000000cab80000, 0x00000000ed780000)
  object space 38400K, 42% used [0x00000000c8600000,0x00000000c95f4fd8,0x00000000cab80000)
 Metaspace       used 17996K, capacity 18152K, committed 18560K, reserved 1067008K
  class space    used 1567K, capacity 1628K, committed 1664K, reserved 1048576K
Event: 399,522 GC heap after
Heap after GC invocations=9 (full 0):
 PSYoungGen      total 27648K, used 224K [0x00000000ed780000, 0x00000000f0500000, 0x0000000100000000)
  eden space 27136K, 0% used [0x00000000ed780000,0x00000000ed780000,0x00000000ef200000)
  from space 512K, 43% used [0x00000000ef280000,0x00000000ef2b8000,0x00000000ef300000)
  to   space 9728K, 0% used [0x00000000efb80000,0x00000000efb80000,0x00000000f0500000)
 ParOldGen       total 38400K, used 16411K [0x00000000c8600000, 0x00000000cab80000, 0x00000000ed780000)
  object space 38400K, 42% used [0x00000000c8600000,0x00000000c9606fd8,0x00000000cab80000)
 Metaspace       used 17996K, capacity 18152K, committed 18560K, reserved 1067008K
  class space    used 1567K, capacity 1628K, committed 1664K, reserved 1048576K
}
Event: 496,053 GC heap before
{Heap before GC invocations=10 (full 0):
 PSYoungGen      total 27648K, used 27360K [0x00000000ed780000, 0x00000000f0500000, 0x0000000100000000)
  eden space 27136K, 100% used [0x00000000ed780000,0x00000000ef200000,0x00000000ef200000)
  from space 512K, 43% used [0x00000000ef280000,0x00000000ef2b8000,0x00000000ef300000)
  to   space 9728K, 0% used [0x00000000efb80000,0x00000000efb80000,0x00000000f0500000)
 ParOldGen       total 38400K, used 16411K [0x00000000c8600000, 0x00000000cab80000, 0x00000000ed780000)
  object space 38400K, 42% used [0x00000000c8600000,0x00000000c9606fd8,0x00000000cab80000)
 Metaspace       used 17999K, capacity 18152K, committed 18560K, reserved 1067008K
  class space    used 1567K, capacity 1628K, committed 1664K, reserved 1048576K
Event: 496,059 GC heap after
Heap after GC invocations=10 (full 0):
 PSYoungGen      total 35840K, used 96K [0x00000000ed780000, 0x00000000f0480000, 0x0000000100000000)
  eden space 26624K, 0% used [0x00000000ed780000,0x00000000ed780000,0x00000000ef180000)
  from space 9216K, 1% used [0x00000000efb80000,0x00000000efb98000,0x00000000f0480000)
  to   space 9728K, 0% used [0x00000000ef180000,0x00000000ef180000,0x00000000efb00000)
 ParOldGen       total 38400K, used 16523K [0x00000000c8600000, 0x00000000cab80000, 0x00000000ed780000)
  object space 38400K, 43% used [0x00000000c8600000,0x00000000c9622fd8,0x00000000cab80000)
 Metaspace       used 17999K, capacity 18152K, committed 18560K, reserved 1067008K
  class space    used 1567K, capacity 1628K, committed 1664K, reserved 1048576K
}
Event: 584,680 GC heap before
{Heap before GC invocations=11 (full 0):
 PSYoungGen      total 35840K, used 26720K [0x00000000ed780000, 0x00000000f0480000, 0x0000000100000000)
  eden space 26624K, 100% used [0x00000000ed780000,0x00000000ef180000,0x00000000ef180000)
  from space 9216K, 1% used [0x00000000efb80000,0x00000000efb98000,0x00000000f0480000)
  to   space 9728K, 0% used [0x00000000ef180000,0x00000000ef180000,0x00000000efb00000)
 ParOldGen       total 38400K, used 16523K [0x00000000c8600000, 0x00000000cab80000, 0x00000000ed780000)
  object space 38400K, 43% used [0x00000000c8600000,0x00000000c9622fd8,0x00000000cab80000)
 Metaspace       used 18011K, capacity 18216K, committed 18560K, reserved 1067008K
  class space    used 1567K, capacity 1628K, committed 1664K, reserved 1048576K
Event: 584,687 GC heap after
Heap after GC invocations=11 (full 0):
 PSYoungGen      total 26624K, used 160K [0x00000000ed780000, 0x00000000f0300000, 0x0000000100000000)
  eden space 26112K, 0% used [0x00000000ed780000,0x00000000ed780000,0x00000000ef100000)
  from space 512K, 31% used [0x00000000ef180000,0x00000000ef1a8000,0x00000000ef200000)
  to   space 9216K, 0% used [0x00000000efa00000,0x00000000efa00000,0x00000000f0300000)
 ParOldGen       total 38400K, used 16563K [0x00000000c8600000, 0x00000000cab80000, 0x00000000ed780000)
  object space 38400K, 43% used [0x00000000c8600000,0x00000000c962cfd8,0x00000000cab80000)
 Metaspace       used 18011K, capacity 18216K, committed 18560K, reserved 1067008K
  class space    used 1567K, capacity 1628K, committed 1664K, reserved 1048576K
}

Deoptimization events (10 events):
Event: 704,289 Thread 0x00007f2bc45be000 Uncommon trap: reason=unhandled action=none pc=0x00007f2bb4091ba0 method=jogamp.opengl.gl4.GL4bcImpl.getGL2()Lcom/jogamp/opengl/GL2; @ 17
Event: 704,320 Thread 0x00007f2bc45be000 Uncommon trap: reason=unhandled action=none pc=0x00007f2bb4091ba0 method=jogamp.opengl.gl4.GL4bcImpl.getGL2()Lcom/jogamp/opengl/GL2; @ 17
Event: 704,349 Thread 0x00007f2bc45be000 Uncommon trap: reason=unhandled action=none pc=0x00007f2bb4091ba0 method=jogamp.opengl.gl4.GL4bcImpl.getGL2()Lcom/jogamp/opengl/GL2; @ 17
Event: 704,381 Thread 0x00007f2bc45be000 Uncommon trap: reason=unhandled action=none pc=0x00007f2bb4091ba0 method=jogamp.opengl.gl4.GL4bcImpl.getGL2()Lcom/jogamp/opengl/GL2; @ 17
Event: 704,411 Thread 0x00007f2bc45be000 Uncommon trap: reason=unhandled action=none pc=0x00007f2bb4091ba0 method=jogamp.opengl.gl4.GL4bcImpl.getGL2()Lcom/jogamp/opengl/GL2; @ 17
Event: 704,421 Thread 0x00007f2bc45be000 Uncommon trap: reason=unhandled action=none pc=0x00007f2bb4091ba0 method=jogamp.opengl.gl4.GL4bcImpl.getGL2()Lcom/jogamp/opengl/GL2; @ 17
Event: 704,458 Thread 0x00007f2bc45be000 Uncommon trap: reason=null_check action=make_not_entrant pc=0x00007f2bb430b84c method=processing.data.JSONObject.put(Ljava/lang/String;Ljava/lang/Object;)Lprocessing/data/JSONObject; @ 29
Event: 704,483 Thread 0x00007f2bc45be000 Uncommon trap: reason=unstable_if action=reinterpret pc=0x00007f2bb3daebe0 method=processing.opengl.PGraphicsOpenGL$TexCache.containsTexture(Lprocessing/core/PImage;)Z @ 25
Event: 711,062 Thread 0x00007f2bc45be000 Uncommon trap: reason=unstable_if action=reinterpret pc=0x00007f2bb41faef8 method=processing.opengl.PGL.initTexture(IIIII)V @ 110
Event: 711,469 Thread 0x00007f2bc45be000 Uncommon trap: reason=unstable_if action=reinterpret pc=0x00007f2bb43a1de8 method=java.util.HashMap$HashIterator.<init>(Ljava/util/HashMap;)V @ 75

Internal exceptions (10 events):
Event: 2,832 Thread 0x00007f2bc4010800 Exception <a 'java/security/PrivilegedActionException'> (0x00000000edb58db8) thrown at [/HUDSON/workspace/8-2-build-linux-amd64/jdk8u51/3951/hotspot/src/share/vm/prims/jvm.cpp, line 1382]
Event: 2,833 Thread 0x00007f2bc4010800 Exception <a 'java/security/PrivilegedActionException'> (0x00000000edb5b400) thrown at [/HUDSON/workspace/8-2-build-linux-amd64/jdk8u51/3951/hotspot/src/share/vm/prims/jvm.cpp, line 1382]
Event: 2,833 Thread 0x00007f2bc4010800 Exception <a 'java/security/PrivilegedActionException'> (0x00000000edb5b5b8) thrown at [/HUDSON/workspace/8-2-build-linux-amd64/jdk8u51/3951/hotspot/src/share/vm/prims/jvm.cpp, line 1382]
Event: 2,882 Thread 0x00007f2bc4010800 Exception <a 'java/io/FileNotFoundException'> (0x00000000edb676f0) thrown at [/HUDSON/workspace/8-2-build-linux-amd64/jdk8u51/3951/hotspot/src/share/vm/prims/jni.cpp, line 709]
Event: 2,883 Thread 0x00007f2bc4010800 Exception <a 'java/io/FileNotFoundException'> (0x00000000edb680a0) thrown at [/HUDSON/workspace/8-2-build-linux-amd64/jdk8u51/3951/hotspot/src/share/vm/prims/jni.cpp, line 709]
Event: 3,234 Thread 0x00007f2bc4010800 Exception <a 'java/lang/NoSuchFieldError': method resolution failed> (0x00000000edc6ed00) thrown at [/HUDSON/workspace/8-2-build-linux-amd64/jdk8u51/3951/hotspot/src/share/vm/prims/methodHandles.cpp, line 1125]
Event: 3,249 Thread 0x00007f2bc4010800 Exception <a 'java/lang/NoSuchFieldError': method resolution failed> (0x00000000edc7d6c0) thrown at [/HUDSON/workspace/8-2-build-linux-amd64/jdk8u51/3951/hotspot/src/share/vm/prims/methodHandles.cpp, line 1125]
Event: 9,450 Thread 0x00007f2bc45be000 Implicit null exception at 0x00007f2bb40dfa2a to 0x00007f2bb40dfacd
Event: 194,631 Thread 0x00007f2bc45be000 Implicit null exception at 0x00007f2bb3e8462d to 0x00007f2bb3e8574d
Event: 704,458 Thread 0x00007f2bc45be000 Implicit null exception at 0x00007f2bb430b160 to 0x00007f2bb430b83b

Events (10 events):
Event: 704,483 Thread 0x00007f2bc45be000 DEOPT PACKING pc=0x00007f2bb3daebe0 sp=0x00007f2b6dcc3180
Event: 704,483 Thread 0x00007f2bc45be000 DEOPT UNPACKING pc=0x00007f2bb3c7b229 sp=0x00007f2b6dcc3120 mode 2
Event: 710,561 Thread 0x00007f2bc45be000 DEOPT PACKING pc=0x00007f2bb411eaef sp=0x00007f2b6dcc2c60
Event: 710,561 Thread 0x00007f2bc45be000 DEOPT UNPACKING pc=0x00007f2bb3cbd233 sp=0x00007f2b6dcc2aa0 mode 0
Event: 711,062 Thread 0x00007f2bc45be000 Uncommon trap: trap_request=0xffffff65 fr.pc=0x00007f2bb41faef8
Event: 711,062 Thread 0x00007f2bc45be000 DEOPT PACKING pc=0x00007f2bb41faef8 sp=0x00007f2b6dcc2d30
Event: 711,062 Thread 0x00007f2bc45be000 DEOPT UNPACKING pc=0x00007f2bb3c7b229 sp=0x00007f2b6dcc2d30 mode 2
Event: 711,468 Thread 0x00007f2bc45be000 Uncommon trap: trap_request=0xffffff65 fr.pc=0x00007f2bb43a1de8
Event: 711,469 Thread 0x00007f2bc45be000 DEOPT PACKING pc=0x00007f2bb43a1de8 sp=0x00007f2b6dcc2f90
Event: 711,469 Thread 0x00007f2bc45be000 DEOPT UNPACKING pc=0x00007f2bb3c7b229 sp=0x00007f2b6dcc2e48 mode 2


Dynamic libraries:
00400000-00401000 r-xp 00000000 00:19 17312497                           /home/ritz/apps/processing-3.0.1/java/bin/java
00600000-00601000 rw-p 00000000 00:19 17312497                           /home/ritz/apps/processing-3.0.1/java/bin/java
022b3000-022f6000 rw-p 00000000 00:00 0                                  [heap]
c8600000-cab80000 rw-p 00000000 00:00 0 
cab80000-ed780000 ---p 00000000 00:00 0 
ed780000-f0300000 rw-p 00000000 00:00 0 
f0300000-100000000 ---p 00000000 00:00 0 
100000000-1001a0000 rw-p 00000000 00:00 0 
1001a0000-140000000 ---p 00000000 00:00 0 
7f2b6c7c2000-7f2b6c842000 rw-p 00000000 00:00 0 
7f2b6c842000-7f2b6c9c2000 ---p 00000000 00:00 0 
7f2b6c9c2000-7f2b6cac3000 rw-s 0f586000 00:05 12250                      /dev/ati/card0
7f2b6cac3000-7f2b6dac3000 rw-s 0f583000 00:05 12250                      /dev/ati/card0
7f2b6dac3000-7f2b6dac6000 ---p 00000000 00:00 0 
7f2b6dac6000-7f2b6dbc4000 rw-p 00000000 00:00 0 
7f2b6dbc4000-7f2b6dbc7000 ---p 00000000 00:00 0 
7f2b6dbc7000-7f2b6dcc5000 rw-p 00000000 00:00 0                          [stack:13635]
7f2b6dcc5000-7f2b6dcc8000 ---p 00000000 00:00 0 
7f2b6dcc8000-7f2b6ddc6000 rw-p 00000000 00:00 0                          [stack:13634]
7f2b6ddc6000-7f2b6de06000 rw-s 0f4ce000 00:05 12250                      /dev/ati/card0
7f2b6de06000-7f2b6e506000 rw-s 00006000 00:05 12250                      /dev/ati/card0
7f2b6e506000-7f2b6e706000 rw-p 00000000 00:00 0 
7f2b6e706000-7f2b6e746000 rw-s 00004000 00:05 12250                      /dev/ati/card0
7f2b6e746000-7f2b6e7f1000 r-xp 00000000 08:05 4989                       /usr/lib/libatiadlxx.so
7f2b6e7f1000-7f2b6e8f0000 ---p 000ab000 08:05 4989                       /usr/lib/libatiadlxx.so
7f2b6e8f0000-7f2b6e8f3000 rw-p 000aa000 08:05 4989                       /usr/lib/libatiadlxx.so
7f2b6e8f3000-7f2b6e903000 rw-p 00000000 00:00 0 
7f2b6e917000-7f2b6e933000 r--s 00393000 00:19 17312630                   /home/ritz/apps/processing-3.0.1/java/lib/ext/cldrdata.jar
7f2b6e933000-7f2b6e943000 r-xp 00000000 08:05 4999                       /usr/lib/libatiuki.so.1.0
7f2b6e943000-7f2b6ea42000 ---p 00010000 08:05 4999                       /usr/lib/libatiuki.so.1.0
7f2b6ea42000-7f2b6ea52000 rw-p 0000f000 08:05 4999                       /usr/lib/libatiuki.so.1.0
7f2b6ea52000-7f2b6ea53000 rw-p 00000000 00:00 0 
7f2b6ea53000-7f2b6eb39000 r-xp 00000000 08:05 13326                      /usr/lib/x86_64-linux-gnu/libstdc++.so.6.0.19
7f2b6eb39000-7f2b6ed38000 ---p 000e6000 08:05 13326                      /usr/lib/x86_64-linux-gnu/libstdc++.so.6.0.19
7f2b6ed38000-7f2b6ed40000 r--p 000e5000 08:05 13326                      /usr/lib/x86_64-linux-gnu/libstdc++.so.6.0.19
7f2b6ed40000-7f2b6ed42000 rw-p 000ed000 08:05 13326                      /usr/lib/x86_64-linux-gnu/libstdc++.so.6.0.19
7f2b6ed42000-7f2b6ed57000 rw-p 00000000 00:00 0 
7f2b6ed57000-7f2b7108f000 r-xp 00000000 08:05 13649                      /usr/lib/dri/fglrx_dri.so
7f2b7108f000-7f2b7118f000 ---p 02338000 08:05 13649                      /usr/lib/dri/fglrx_dri.so
7f2b7118f000-7f2b71350000 rwxp 02338000 08:05 13649                      /usr/lib/dri/fglrx_dri.so
7f2b71350000-7f2b71482000 rwxp 00000000 00:00 0 
7f2b71482000-7f2b714de000 r-xp 00000000 08:05 282955                     /tmp/jogamp_0000/file_cache/jln4853564286185309338/jln2348280117403391088/natives/linux-amd64/libjogl_mobile.so
7f2b714de000-7f2b716de000 ---p 0005c000 08:05 282955                     /tmp/jogamp_0000/file_cache/jln4853564286185309338/jln2348280117403391088/natives/linux-amd64/libjogl_mobile.so
7f2b716de000-7f2b716df000 rw-p 0005c000 08:05 282955                     /tmp/jogamp_0000/file_cache/jln4853564286185309338/jln2348280117403391088/natives/linux-amd64/libjogl_mobile.so
7f2b716df000-7f2b716e6000 r-xp 00000000 08:05 15418                      /usr/lib/x86_64-linux-gnu/libffi.so.6.0.1
7f2b716e6000-7f2b718e5000 ---p 00007000 08:05 15418                      /usr/lib/x86_64-linux-gnu/libffi.so.6.0.1
7f2b718e5000-7f2b718e6000 r--p 00006000 08:05 15418                      /usr/lib/x86_64-linux-gnu/libffi.so.6.0.1
7f2b718e6000-7f2b718e7000 rw-p 00007000 08:05 15418                      /usr/lib/x86_64-linux-gnu/libffi.so.6.0.1
7f2b718e7000-7f2b718f3000 r-xp 00000000 08:05 10387                      /usr/lib/x86_64-linux-gnu/libdrm.so.2.4.0
7f2b718f3000-7f2b71af2000 ---p 0000c000 08:05 10387                      /usr/lib/x86_64-linux-gnu/libdrm.so.2.4.0
7f2b71af2000-7f2b71af3000 r--p 0000b000 08:05 10387                      /usr/lib/x86_64-linux-gnu/libdrm.so.2.4.0
7f2b71af3000-7f2b71af4000 rw-p 0000c000 08:05 10387                      /usr/lib/x86_64-linux-gnu/libdrm.so.2.4.0
7f2b71af4000-7f2b71afb000 r-xp 00000000 08:05 7497                       /usr/lib/x86_64-linux-gnu/libgbm.so.1.0.0
7f2b71afb000-7f2b71cfa000 ---p 00007000 08:05 7497                       /usr/lib/x86_64-linux-gnu/libgbm.so.1.0.0
7f2b71cfa000-7f2b71cfb000 r--p 00006000 08:05 7497                       /usr/lib/x86_64-linux-gnu/libgbm.so.1.0.0
7f2b71cfb000-7f2b71cfc000 rw-p 00007000 08:05 7497                       /usr/lib/x86_64-linux-gnu/libgbm.so.1.0.0
7f2b71cfc000-7f2b71d0b000 r-xp 00000000 08:05 11272                      /usr/lib/x86_64-linux-gnu/libwayland-server.so.0.1.0
7f2b71d0b000-7f2b71f0a000 ---p 0000f000 08:05 11272                      /usr/lib/x86_64-linux-gnu/libwayland-server.so.0.1.0
7f2b71f0a000-7f2b71f0c000 r--p 0000e000 08:05 11272                      /usr/lib/x86_64-linux-gnu/libwayland-server.so.0.1.0
7f2b71f0c000-7f2b71f0d000 rw-p 00010000 08:05 11272                      /usr/lib/x86_64-linux-gnu/libwayland-server.so.0.1.0
7f2b71f0d000-7f2b71f18000 r-xp 00000000 08:05 11266                      /usr/lib/x86_64-linux-gnu/libwayland-client.so.0.2.0
7f2b71f18000-7f2b72117000 ---p 0000b000 08:05 11266                      /usr/lib/x86_64-linux-gnu/libwayland-client.so.0.2.0
7f2b72117000-7f2b72119000 r--p 0000a000 08:05 11266                      /usr/lib/x86_64-linux-gnu/libwayland-client.so.0.2.0
7f2b72119000-7f2b7211a000 rw-p 0000c000 08:05 11266                      /usr/lib/x86_64-linux-gnu/libwayland-client.so.0.2.0
7f2b7211a000-7f2b7211f000 r-xp 00000000 08:05 11329                      /usr/lib/x86_64-linux-gnu/libxcb-xfixes.so.0.0.0
7f2b7211f000-7f2b7231f000 ---p 00005000 08:05 11329                      /usr/lib/x86_64-linux-gnu/libxcb-xfixes.so.0.0.0
7f2b7231f000-7f2b72320000 r--p 00005000 08:05 11329                      /usr/lib/x86_64-linux-gnu/libxcb-xfixes.so.0.0.0
7f2b72320000-7f2b72321000 rw-p 00006000 08:05 11329                      /usr/lib/x86_64-linux-gnu/libxcb-xfixes.so.0.0.0
7f2b72321000-7f2b72324000 r-xp 00000000 08:05 11299                      /usr/lib/x86_64-linux-gnu/libxcb-dri2.so.0.0.0
7f2b72324000-7f2b72524000 ---p 00003000 08:05 11299                      /usr/lib/x86_64-linux-gnu/libxcb-dri2.so.0.0.0
7f2b72524000-7f2b72525000 r--p 00003000 08:05 11299                      /usr/lib/x86_64-linux-gnu/libxcb-dri2.so.0.0.0
7f2b72525000-7f2b72526000 rw-p 00004000 08:05 11299                      /usr/lib/x86_64-linux-gnu/libxcb-dri2.so.0.0.0
7f2b72526000-7f2b72527000 r-xp 00000000 08:05 10093                      /usr/lib/x86_64-linux-gnu/libX11-xcb.so.1.0.0
7f2b72527000-7f2b72726000 ---p 00001000 08:05 10093                      /usr/lib/x86_64-linux-gnu/libX11-xcb.so.1.0.0
7f2b72726000-7f2b72727000 r--p 00000000 08:05 10093                      /usr/lib/x86_64-linux-gnu/libX11-xcb.so.1.0.0
7f2b72727000-7f2b72728000 rw-p 00001000 08:05 10093                      /usr/lib/x86_64-linux-gnu/libX11-xcb.so.1.0.0
7f2b72728000-7f2b7274b000 r-xp 00000000 08:05 263025                     /usr/lib/x86_64-linux-gnu/mesa-egl/libEGL.so.1.0.0
7f2b7274b000-7f2b7294b000 ---p 00023000 08:05 263025                     /usr/lib/x86_64-linux-gnu/mesa-egl/libEGL.so.1.0.0
7f2b7294b000-7f2b7294c000 r--p 00023000 08:05 263025                     /usr/lib/x86_64-linux-gnu/mesa-egl/libEGL.so.1.0.0
7f2b7294c000-7f2b7294d000 rw-p 00024000 08:05 263025                     /usr/lib/x86_64-linux-gnu/mesa-egl/libEGL.so.1.0.0
7f2b7294d000-7f2b7296f000 r-xp 00000000 08:05 7508                       /usr/lib/x86_64-linux-gnu/libglapi.so.0.0.0
7f2b7296f000-7f2b72b6f000 ---p 00022000 08:05 7508                       /usr/lib/x86_64-linux-gnu/libglapi.so.0.0.0
7f2b72b6f000-7f2b72b72000 r--p 00022000 08:05 7508                       /usr/lib/x86_64-linux-gnu/libglapi.so.0.0.0
7f2b72b72000-7f2b72b73000 rw-p 00025000 08:05 7508                       /usr/lib/x86_64-linux-gnu/libglapi.so.0.0.0
7f2b72b73000-7f2b72b74000 rw-p 00000000 00:00 0 
7f2b72b74000-7f2b72b7a000 r-xp 00000000 08:05 262263                     /usr/lib/x86_64-linux-gnu/mesa-egl/libGLESv2.so.2.0.0
7f2b72b7a000-7f2b72d7a000 ---p 00006000 08:05 262263                     /usr/lib/x86_64-linux-gnu/mesa-egl/libGLESv2.so.2.0.0
7f2b72d7a000-7f2b72d7b000 r--p 00006000 08:05 262263                     /usr/lib/x86_64-linux-gnu/mesa-egl/libGLESv2.so.2.0.0
7f2b72d7b000-7f2b72d7c000 rw-p 00007000 08:05 262263                     /usr/lib/x86_64-linux-gnu/mesa-egl/libGLESv2.so.2.0.0
7f2b72d7c000-7f2b72e34000 r-xp 00000000 08:05 282951                     /tmp/jogamp_0000/file_cache/jln4853564286185309338/jln2348280117403391088/natives/linux-amd64/libjogl_desktop.so
7f2b72e34000-7f2b73034000 ---p 000b8000 08:05 282951                     /tmp/jogamp_0000/file_cache/jln4853564286185309338/jln2348280117403391088/natives/linux-amd64/libjogl_desktop.so
7f2b73034000-7f2b73035000 rw-p 000b8000 08:05 282951                     /tmp/jogamp_0000/file_cache/jln4853564286185309338/jln2348280117403391088/natives/linux-amd64/libjogl_desktop.so
7f2b73035000-7f2b730de000 r-xp 00000000 08:05 655203                     /usr/lib/fglrx/libGL.so.1.2
7f2b730de000-7f2b731de000 ---p 000a9000 08:05 655203                     /usr/lib/fglrx/libGL.so.1.2
7f2b731de000-7f2b73214000 rwxp 000a9000 08:05 655203                     /usr/lib/fglrx/libGL.so.1.2
7f2b73214000-7f2b73231000 rwxp 00000000 00:00 0 
7f2b73231000-7f2b73431000 rw-p 00000000 00:00 0 
7f2b73431000-7f2b73433000 r-xp 00000000 08:05 10128                      /usr/lib/x86_64-linux-gnu/libXinerama.so.1.0.0
7f2b73433000-7f2b73632000 ---p 00002000 08:05 10128                      /usr/lib/x86_64-linux-gnu/libXinerama.so.1.0.0
7f2b73632000-7f2b73633000 r--p 00001000 08:05 10128                      /usr/lib/x86_64-linux-gnu/libXinerama.so.1.0.0
7f2b73633000-7f2b73634000 rw-p 00002000 08:05 10128                      /usr/lib/x86_64-linux-gnu/libXinerama.so.1.0.0
7f2b73634000-7f2b73637000 ---p 00000000 00:00 0 
7f2b73637000-7f2b73be5000 rw-p 00000000 00:00 0                          [stack:13631]
7f2b73be5000-7f2b73bee000 r-xp 00000000 08:05 10136                      /usr/lib/x86_64-linux-gnu/libXrandr.so.2.2.0
7f2b73bee000-7f2b73ded000 ---p 00009000 08:05 10136                      /usr/lib/x86_64-linux-gnu/libXrandr.so.2.2.0
7f2b73ded000-7f2b73dee000 r--p 00008000 08:05 10136                      /usr/lib/x86_64-linux-gnu/libXrandr.so.2.2.0
7f2b73dee000-7f2b73def000 rw-p 00009000 08:05 10136                      /usr/lib/x86_64-linux-gnu/libXrandr.so.2.2.0
7f2b73def000-7f2b73e00000 r-xp 00000000 08:05 282965                     /tmp/jogamp_0000/file_cache/jln4853564286185309338/jln2348280117403391088/natives/linux-amd64/libnewt.so
7f2b73e00000-7f2b73fff000 ---p 00011000 08:05 282965                     /tmp/jogamp_0000/file_cache/jln4853564286185309338/jln2348280117403391088/natives/linux-amd64/libnewt.so
7f2b73fff000-7f2b74000000 rw-p 00010000 08:05 282965                     /tmp/jogamp_0000/file_cache/jln4853564286185309338/jln2348280117403391088/natives/linux-amd64/libnewt.so
7f2b74000000-7f2b743d9000 rw-p 00000000 00:00 0 
7f2b743d9000-7f2b78000000 ---p 00000000 00:00 0 
7f2b78000000-7f2b78021000 rw-p 00000000 00:00 0 
7f2b78021000-7f2b7c000000 ---p 00000000 00:00 0 
7f2b7c000000-7f2b7c459000 rw-p 00000000 00:00 0 
7f2b7c459000-7f2b80000000 ---p 00000000 00:00 0 
7f2b80000000-7f2b80995000 rw-p 00000000 00:00 0 
7f2b80995000-7f2b84000000 ---p 00000000 00:00 0 
7f2b84000000-7f2b86040000 rw-p 00000000 00:00 0 
7f2b86040000-7f2b88000000 ---p 00000000 00:00 0 
7f2b88000000-7f2b899aa000 rw-p 00000000 00:00 0 
7f2b899aa000-7f2b8c000000 ---p 00000000 00:00 0 
7f2b8c000000-7f2b8c021000 rw-p 00000000 00:00 0 
7f2b8c021000-7f2b90000000 ---p 00000000 00:00 0 
7f2b90000000-7f2b90312000 rw-p 00000000 00:00 0 
7f2b90312000-7f2b94000000 ---p 00000000 00:00 0 
7f2b94000000-7f2b94021000 rw-p 00000000 00:00 0 
7f2b94021000-7f2b98000000 ---p 00000000 00:00 0 
7f2b98000000-7f2b98021000 rw-p 00000000 00:00 0 
7f2b98021000-7f2b9c000000 ---p 00000000 00:00 0 
7f2b9c000000-7f2b9c021000 rw-p 00000000 00:00 0 
7f2b9c021000-7f2ba0000000 ---p 00000000 00:00 0 
7f2ba000c000-7f2ba0013000 r-xp 00000000 08:05 282961                     /tmp/jogamp_0000/file_cache/jln4853564286185309338/jln2348280117403391088/natives/linux-amd64/libnativewindow_x11.so
7f2ba0013000-7f2ba0212000 ---p 00007000 08:05 282961                     /tmp/jogamp_0000/file_cache/jln4853564286185309338/jln2348280117403391088/natives/linux-amd64/libnativewindow_x11.so
7f2ba0212000-7f2ba0213000 rw-p 00006000 08:05 282961                     /tmp/jogamp_0000/file_cache/jln4853564286185309338/jln2348280117403391088/natives/linux-amd64/libnativewindow_x11.so
7f2ba0213000-7f2ba0216000 ---p 00000000 00:00 0 
7f2ba0216000-7f2ba0314000 rw-p 00000000 00:00 0                          [stack:13632]
7f2ba0314000-7f2ba0318000 r-xp 00000000 08:05 10154                      /usr/lib/x86_64-linux-gnu/libXxf86vm.so.1.0.0
7f2ba0318000-7f2ba0518000 ---p 00004000 08:05 10154                      /usr/lib/x86_64-linux-gnu/libXxf86vm.so.1.0.0
7f2ba0518000-7f2ba0519000 r--p 00004000 08:05 10154                      /usr/lib/x86_64-linux-gnu/libXxf86vm.so.1.0.0
7f2ba0519000-7f2ba051a000 rw-p 00005000 08:05 10154                      /usr/lib/x86_64-linux-gnu/libXxf86vm.so.1.0.0
7f2ba0532000-7f2ba0533000 rw-p 00000000 00:00 0 
7f2ba0533000-7f2ba053d000 r--s 00116000 00:19 17312629                   /home/ritz/apps/processing-3.0.1/java/lib/ext/localedata.jar
7f2ba053d000-7f2ba053f000 rw-p 00000000 00:00 0 
7f2ba053f000-7f2ba0540000 rw-s 00000000 00:14 1914229                    /run/shm/sem.__AMD_GL_CACHE__05ba96eaa344c23c_16
7f2ba0540000-7f2ba0541000 rw-s 00005000 00:05 12250                      /dev/ati/card0
7f2ba0541000-7f2ba0548000 r--s 00000000 08:05 286001                     /usr/lib/x86_64-linux-gnu/gconv/gconv-modules.cache
7f2ba0548000-7f2ba054a000 rw-s 00002000 00:05 12250                      /dev/ati/card0
7f2ba054a000-7f2ba054c000 r-xp 00000000 08:05 282957                     /tmp/jogamp_0000/file_cache/jln4853564286185309338/jln2348280117403391088/natives/linux-amd64/libnativewindow_awt.so
7f2ba054c000-7f2ba074b000 ---p 00002000 08:05 282957                     /tmp/jogamp_0000/file_cache/jln4853564286185309338/jln2348280117403391088/natives/linux-amd64/libnativewindow_awt.so
7f2ba074b000-7f2ba074c000 rw-p 00001000 08:05 282957                     /tmp/jogamp_0000/file_cache/jln4853564286185309338/jln2348280117403391088/natives/linux-amd64/libnativewindow_awt.so
7f2ba074c000-7f2ba074d000 r-xp 00000000 00:19 17312728                   /home/ritz/apps/processing-3.0.1/java/lib/amd64/libjawt.so
7f2ba074d000-7f2ba094c000 ---p 00001000 00:19 17312728                   /home/ritz/apps/processing-3.0.1/java/lib/amd64/libjawt.so
7f2ba094c000-7f2ba094d000 rw-p 00000000 00:19 17312728                   /home/ritz/apps/processing-3.0.1/java/lib/amd64/libjawt.so
7f2ba094d000-7f2ba094f000 r-xp 00000000 08:05 282947                     /tmp/jogamp_0000/file_cache/jln4853564286185309338/jln2348280117403391088/natives/linux-amd64/libgluegen-rt.so
7f2ba094f000-7f2ba0b4e000 ---p 00002000 08:05 282947                     /tmp/jogamp_0000/file_cache/jln4853564286185309338/jln2348280117403391088/natives/linux-amd64/libgluegen-rt.so
7f2ba0b4e000-7f2ba0b4f000 rw-p 00001000 08:05 282947                     /tmp/jogamp_0000/file_cache/jln4853564286185309338/jln2348280117403391088/natives/linux-amd64/libgluegen-rt.so
7f2ba0b4f000-7f2ba0b52000 ---p 00000000 00:00 0 
7f2ba0b52000-7f2ba0c50000 rw-p 00000000 00:00 0                          [stack:13633]
7f2ba0c50000-7f2ba0c61000 r-xp 00000000 00:19 17312774                   /home/ritz/apps/processing-3.0.1/java/lib/amd64/libnio.so
7f2ba0c61000-7f2ba0e60000 ---p 00011000 00:19 17312774                   /home/ritz/apps/processing-3.0.1/java/lib/amd64/libnio.so
7f2ba0e60000-7f2ba0e61000 rw-p 00010000 00:19 17312774                   /home/ritz/apps/processing-3.0.1/java/lib/amd64/libnio.so
7f2ba0e61000-7f2ba0e77000 r-xp 00000000 00:19 17312723                   /home/ritz/apps/processing-3.0.1/java/lib/amd64/libnet.so
7f2ba0e77000-7f2ba1077000 ---p 00016000 00:19 17312723                   /home/ritz/apps/processing-3.0.1/java/lib/amd64/libnet.so
7f2ba1077000-7f2ba1078000 rw-p 00016000 00:19 17312723                   /home/ritz/apps/processing-3.0.1/java/lib/amd64/libnet.so
7f2ba1078000-7f2ba107b000 ---p 00000000 00:00 0 
7f2ba107b000-7f2ba10b1000 rw-p 00000000 00:00 0 
7f2ba10b1000-7f2ba10b5000 r--s 00095000 00:19 17312778                   /home/ritz/apps/processing-3.0.1/java/lib/jsse.jar
7f2ba10b5000-7f2ba12b5000 rw-p 00000000 00:00 0 
7f2ba12b5000-7f2ba12b8000 r--s 00041000 00:19 17314224                   /home/ritz/apps/processing-3.0.1/modes/java/mode/org.netbeans.swing.outline.jar
7f2ba12b8000-7f2ba12bd000 r--s 00038000 00:19 17314234                   /home/ritz/apps/processing-3.0.1/modes/java/mode/org.eclipse.text.jar
7f2ba12bd000-7f2ba12d1000 r--s 00121000 00:19 17314241                   /home/ritz/apps/processing-3.0.1/modes/java/mode/org.eclipse.osgi.jar
7f2ba12d1000-7f2ba1309000 r--s 00515000 00:19 17314240                   /home/ritz/apps/processing-3.0.1/modes/java/mode/org.eclipse.jdt.core.jar
7f2ba1309000-7f2ba130c000 r--s 0001c000 00:19 17314238                   /home/ritz/apps/processing-3.0.1/modes/java/mode/org.eclipse.equinox.preferences.jar
7f2ba130c000-7f2ba130f000 r--s 00018000 00:19 17314230                   /home/ritz/apps/processing-3.0.1/modes/java/mode/org.eclipse.equinox.common.jar
7f2ba130f000-7f2ba1311000 r--s 00011000 00:19 17314233                   /home/ritz/apps/processing-3.0.1/modes/java/mode/org.eclipse.core.runtime.jar
7f2ba1311000-7f2ba131c000 r--s 000c1000 00:19 17314236                   /home/ritz/apps/processing-3.0.1/modes/java/mode/org.eclipse.core.resources.jar
7f2ba131c000-7f2ba131e000 r--s 00016000 00:19 17314223                   /home/ritz/apps/processing-3.0.1/modes/java/mode/org.eclipse.core.jobs.jar
7f2ba131e000-7f2ba1320000 r--s 00015000 00:19 17314225                   /home/ritz/apps/processing-3.0.1/modes/java/mode/org.eclipse.core.contenttype.jar
7f2ba1320000-7f2ba1325000 r--s 0003f000 00:19 17314228                   /home/ritz/apps/processing-3.0.1/modes/java/mode/jsoup-1.7.1.jar
7f2ba1325000-7f2ba1332000 r--s 000cb000 00:19 17314232                   /home/ritz/apps/processing-3.0.1/modes/java/mode/jdimodel.jar
7f2ba1332000-7f2ba1336000 r--s 0000e000 00:19 17314226                   /home/ritz/apps/processing-3.0.1/modes/java/mode/jdi.jar
7f2ba1336000-7f2ba1391000 r--s 009e2000 00:19 17314235                   /home/ritz/apps/processing-3.0.1/modes/java/mode/com.ibm.icu.jar
7f2ba1391000-7f2ba1396000 r--s 00068000 00:19 17314239                   /home/ritz/apps/processing-3.0.1/modes/java/mode/antlr.jar
7f2ba1396000-7f2ba1399000 ---p 00000000 00:00 0 
7f2ba1399000-7f2ba1497000 rw-p 00000000 00:00 0                          [stack:13620]
7f2ba1497000-7f2ba149c000 r-xp 00000000 08:05 11030                      /usr/lib/x86_64-linux-gnu/libXfixes.so.3.1.0
7f2ba149c000-7f2ba169b000 ---p 00005000 08:05 11030                      /usr/lib/x86_64-linux-gnu/libXfixes.so.3.1.0
7f2ba169b000-7f2ba169c000 r--p 00004000 08:05 11030                      /usr/lib/x86_64-linux-gnu/libXfixes.so.3.1.0
7f2ba169c000-7f2ba169d000 rw-p 00005000 08:05 11030                      /usr/lib/x86_64-linux-gnu/libXfixes.so.3.1.0
7f2ba169d000-7f2ba16a6000 r-xp 00000000 08:05 10110                      /usr/lib/x86_64-linux-gnu/libXcursor.so.1.0.2
7f2ba16a6000-7f2ba18a5000 ---p 00009000 08:05 10110                      /usr/lib/x86_64-linux-gnu/libXcursor.so.1.0.2
7f2ba18a5000-7f2ba18a6000 r--p 00008000 08:05 10110                      /usr/lib/x86_64-linux-gnu/libXcursor.so.1.0.2
7f2ba18a6000-7f2ba18a7000 rw-p 00009000 08:05 10110                      /usr/lib/x86_64-linux-gnu/libXcursor.so.1.0.2
7f2ba18a7000-7f2ba18aa000 ---p 00000000 00:00 0 
7f2ba18aa000-7f2ba19a8000 rw-p 00000000 00:00 0                          [stack:13618]
7f2ba19a8000-7f2ba19be000 r-xp 00000000 08:05 918107                     /lib/x86_64-linux-gnu/libgcc_s.so.1
7f2ba19be000-7f2ba1bbd000 ---p 00016000 08:05 918107                     /lib/x86_64-linux-gnu/libgcc_s.so.1
7f2ba1bbd000-7f2ba1bbe000 rw-p 00015000 08:05 918107                     /lib/x86_64-linux-gnu/libgcc_s.so.1
7f2ba1bbe000-7f2ba1c24000 r-xp 00000000 00:19 17312718                   /home/ritz/apps/processing-3.0.1/java/lib/amd64/libfontmanager.so
7f2ba1c24000-7f2ba1e23000 ---p 00066000 00:19 17312718                   /home/ritz/apps/processing-3.0.1/java/lib/amd64/libfontmanager.so
7f2ba1e23000-7f2ba1e27000 rw-p 00065000 00:19 17312718                   /home/ritz/apps/processing-3.0.1/java/lib/amd64/libfontmanager.so
7f2ba1e27000-7f2ba1e38000 rw-p 00000000 00:00 0 
7f2ba1e38000-7f2ba1e3d000 r-xp 00000000 08:05 10116                      /usr/lib/x86_64-linux-gnu/libXdmcp.so.6.0.0
7f2ba1e3d000-7f2ba203c000 ---p 00005000 08:05 10116                      /usr/lib/x86_64-linux-gnu/libXdmcp.so.6.0.0
7f2ba203c000-7f2ba203d000 r--p 00004000 08:05 10116                      /usr/lib/x86_64-linux-gnu/libXdmcp.so.6.0.0
7f2ba203d000-7f2ba203e000 rw-p 00005000 08:05 10116                      /usr/lib/x86_64-linux-gnu/libXdmcp.so.6.0.0
7f2ba203e000-7f2ba2040000 r-xp 00000000 08:05 10103                      /usr/lib/x86_64-linux-gnu/libXau.so.6.0.0
7f2ba2040000-7f2ba2240000 ---p 00002000 08:05 10103                      /usr/lib/x86_64-linux-gnu/libXau.so.6.0.0
7f2ba2240000-7f2ba2241000 r--p 00002000 08:05 10103                      /usr/lib/x86_64-linux-gnu/libXau.so.6.0.0
7f2ba2241000-7f2ba2242000 rw-p 00003000 08:05 10103                      /usr/lib/x86_64-linux-gnu/libXau.so.6.0.0
7f2ba2242000-7f2ba225f000 r-xp 00000000 08:05 11337                      /usr/lib/x86_64-linux-gnu/libxcb.so.1.1.0
7f2ba225f000-7f2ba245f000 ---p 0001d000 08:05 11337                      /usr/lib/x86_64-linux-gnu/libxcb.so.1.1.0
7f2ba245f000-7f2ba2460000 r--p 0001d000 08:05 11337                      /usr/lib/x86_64-linux-gnu/libxcb.so.1.1.0
7f2ba2460000-7f2ba2461000 rw-p 0001e000 08:05 11337                      /usr/lib/x86_64-linux-gnu/libxcb.so.1.1.0
7f2ba2461000-7f2ba2470000 r-xp 00000000 08:05 13084                      /usr/lib/x86_64-linux-gnu/libXi.so.6.1.0
7f2ba2470000-7f2ba266f000 ---p 0000f000 08:05 13084                      /usr/lib/x86_64-linux-gnu/libXi.so.6.1.0
7f2ba266f000-7f2ba2670000 r--p 0000e000 08:05 13084                      /usr/lib/x86_64-linux-gnu/libXi.so.6.1.0
7f2ba2670000-7f2ba2671000 rw-p 0000f000 08:05 13084                      /usr/lib/x86_64-linux-gnu/libXi.so.6.1.0
7f2ba2671000-7f2ba2676000 r-xp 00000000 08:05 10144                      /usr/lib/x86_64-linux-gnu/libXtst.so.6.1.0
7f2ba2676000-7f2ba2875000 ---p 00005000 08:05 10144                      /usr/lib/x86_64-linux-gnu/libXtst.so.6.1.0
7f2ba2875000-7f2ba2876000 r--p 00004000 08:05 10144                      /usr/lib/x86_64-linux-gnu/libXtst.so.6.1.0
7f2ba2876000-7f2ba2877000 rw-p 00005000 08:05 10144                      /usr/lib/x86_64-linux-gnu/libXtst.so.6.1.0
7f2ba2877000-7f2ba2880000 r-xp 00000000 08:05 13087                      /usr/lib/x86_64-linux-gnu/libXrender.so.1.3.0
7f2ba2880000-7f2ba2a7f000 ---p 00009000 08:05 13087                      /usr/lib/x86_64-linux-gnu/libXrender.so.1.3.0
7f2ba2a7f000-7f2ba2a80000 r--p 00008000 08:05 13087                      /usr/lib/x86_64-linux-gnu/libXrender.so.1.3.0
7f2ba2a80000-7f2ba2a81000 rw-p 00009000 08:05 13087                      /usr/lib/x86_64-linux-gnu/libXrender.so.1.3.0
7f2ba2a81000-7f2ba2bb1000 r-xp 00000000 08:05 10097                      /usr/lib/x86_64-linux-gnu/libX11.so.6.3.0
7f2ba2bb1000-7f2ba2db1000 ---p 00130000 08:05 10097                      /usr/lib/x86_64-linux-gnu/libX11.so.6.3.0
7f2ba2db1000-7f2ba2db2000 r--p 00130000 08:05 10097                      /usr/lib/x86_64-linux-gnu/libX11.so.6.3.0
7f2ba2db2000-7f2ba2db6000 rw-p 00131000 08:05 10097                      /usr/lib/x86_64-linux-gnu/libX11.so.6.3.0
7f2ba2db6000-7f2ba2dc7000 r-xp 00000000 08:05 8428                       /usr/lib/x86_64-linux-gnu/libXext.so.6.4.0
7f2ba2dc7000-7f2ba2fc6000 ---p 00011000 08:05 8428                       /usr/lib/x86_64-linux-gnu/libXext.so.6.4.0
7f2ba2fc6000-7f2ba2fc7000 r--p 00010000 08:05 8428                       /usr/lib/x86_64-linux-gnu/libXext.so.6.4.0
7f2ba2fc7000-7f2ba2fc8000 rw-p 00011000 08:05 8428                       /usr/lib/x86_64-linux-gnu/libXext.so.6.4.0
7f2ba2fc8000-7f2ba301c000 r-xp 00000000 00:19 17312753                   /home/ritz/apps/processing-3.0.1/java/lib/amd64/libawt_xawt.so
7f2ba301c000-7f2ba321c000 ---p 00054000 00:19 17312753                   /home/ritz/apps/processing-3.0.1/java/lib/amd64/libawt_xawt.so
7f2ba321c000-7f2ba3220000 rw-p 00054000 00:19 17312753                   /home/ritz/apps/processing-3.0.1/java/lib/amd64/libawt_xawt.so
7f2ba3220000-7f2ba3221000 rw-p 00000000 00:00 0 
7f2ba3221000-7f2ba32c3000 r-xp 00000000 00:19 17312745                   /home/ritz/apps/processing-3.0.1/java/lib/amd64/libawt.so
7f2ba32c3000-7f2ba34c3000 ---p 000a2000 00:19 17312745                   /home/ritz/apps/processing-3.0.1/java/lib/amd64/libawt.so
7f2ba34c3000-7f2ba34cf000 rw-p 000a2000 00:19 17312745                   /home/ritz/apps/processing-3.0.1/java/lib/amd64/libawt.so
7f2ba34cf000-7f2ba34f3000 rw-p 00000000 00:00 0 
7f2ba34f3000-7f2ba34f4000 ---p 00000000 00:00 0 
7f2ba34f4000-7f2ba35f4000 rw-p 00000000 00:00 0                          [stack:13616]
7f2ba35f4000-7f2ba35f7000 ---p 00000000 00:00 0 
7f2ba35f7000-7f2ba36f5000 rw-p 00000000 00:00 0                          [stack:13614]
7f2ba36f5000-7f2ba36f8000 ---p 00000000 00:00 0 
7f2ba36f8000-7f2ba37f6000 rw-p 00000000 00:00 0                          [stack:13613]
7f2ba37f6000-7f2ba37f9000 ---p 00000000 00:00 0 
7f2ba37f9000-7f2ba38f7000 rw-p 00000000 00:00 0                          [stack:13612]
7f2ba38f7000-7f2ba38fa000 ---p 00000000 00:00 0 
7f2ba38fa000-7f2ba39f8000 rw-p 00000000 00:00 0                          [stack:13606]
7f2ba39f8000-7f2ba39fb000 ---p 00000000 00:00 0 
7f2ba39fb000-7f2ba3af9000 rw-p 00000000 00:00 0                          [stack:13600]
7f2ba3af9000-7f2ba3afc000 ---p 00000000 00:00 0 
7f2ba3afc000-7f2ba3bfa000 rw-p 00000000 00:00 0                          [stack:13599]
7f2ba3bfa000-7f2ba3bfe000 r-xp 00000000 00:19 17312746                   /home/ritz/apps/processing-3.0.1/java/lib/amd64/libdt_socket.so
7f2ba3bfe000-7f2ba3dfd000 ---p 00004000 00:19 17312746                   /home/ritz/apps/processing-3.0.1/java/lib/amd64/libdt_socket.so
7f2ba3dfd000-7f2ba3dfe000 rw-p 00003000 00:19 17312746                   /home/ritz/apps/processing-3.0.1/java/lib/amd64/libdt_socket.so
7f2ba3dfe000-7f2ba3e01000 ---p 00000000 00:00 0 
7f2ba3e01000-7f2ba3eff000 rw-p 00000000 00:00 0                          [stack:13598]
7f2ba3eff000-7f2ba3f02000 ---p 00000000 00:00 0 
7f2ba3f02000-7f2ba4000000 rw-p 00000000 00:00 0                          [stack:13597]
7f2ba4000000-7f2ba4021000 rw-p 00000000 00:00 0 
7f2ba4021000-7f2ba8000000 ---p 00000000 00:00 0 
7f2ba8000000-7f2ba8021000 rw-p 00000000 00:00 0 
7f2ba8021000-7f2bac000000 ---p 00000000 00:00 0 
7f2bac000000-7f2bac021000 rw-p 00000000 00:00 0 
7f2bac021000-7f2bb0000000 ---p 00000000 00:00 0 
7f2bb0000000-7f2bb0001000 r--p 00000000 00:00 0 
7f2bb0001000-7f2bb0002000 r--s 00003000 00:19 17314242                   /home/ritz/apps/processing-3.0.1/modes/java/mode/jdtCompilerAdapter.jar
7f2bb0002000-7f2bb0008000 r--s 0007b000 00:19 17314229                   /home/ritz/apps/processing-3.0.1/modes/java/mode/JavaMode.jar
7f2bb0008000-7f2bb0013000 r--s 00097000 00:19 17180025                   /home/ritz/apps/processing-3.0.1/lib/pde.jar
7f2bb0013000-7f2bb0027000 r--s 00127000 00:19 17180079                   /home/ritz/apps/processing-3.0.1/lib/jna.jar
7f2bb0027000-7f2bb0045000 r--s 001bb000 00:19 17180097                   /home/ritz/apps/processing-3.0.1/lib/ant.jar
7f2bb0045000-7f2bb0047000 r--s 00002000 00:19 17180083                   /home/ritz/apps/processing-3.0.1/lib/ant-launcher.jar
7f2bb0047000-7f2bb004d000 r--s 000f0000 00:19 16913347                   /home/ritz/apps/processing-3.0.1/core/library/core.jar
7f2bb004d000-7f2bb0053000 r--s 0004f000 00:19 16913341                   /home/ritz/apps/processing-3.0.1/core/library/gluegen-rt.jar
7f2bb0053000-7f2bb0077000 r--s 0031e000 00:19 16913354                   /home/ritz/apps/processing-3.0.1/core/library/jogl-all.jar
7f2bb0077000-7f2bb007a000 ---p 00000000 00:00 0 
7f2bb007a000-7f2bb0178000 rw-p 00000000 00:00 0                          [stack:13596]
7f2bb0178000-7f2bb0179000 ---p 00000000 00:00 0 
7f2bb0179000-7f2bb0bf2000 rw-p 00000000 00:00 0                          [stack:13595]
7f2bb0bf2000-7f2bb0dca000 r--s 03d0c000 00:19 17312553                   /home/ritz/apps/processing-3.0.1/java/lib/rt.jar
7f2bb0dca000-7f2bb33cd000 rw-p 00000000 00:00 0 
7f2bb33cd000-7f2bb33ce000 ---p 00000000 00:00 0 
7f2bb33ce000-7f2bb34ce000 rw-p 00000000 00:00 0                          [stack:13594]
7f2bb34ce000-7f2bb34cf000 ---p 00000000 00:00 0 
7f2bb34cf000-7f2bb35e2000 rw-p 00000000 00:00 0                          [stack:13593]
7f2bb35e2000-7f2bb36f8000 ---p 00000000 00:00 0 
7f2bb36f8000-7f2bb370b000 rw-p 00000000 00:00 0 
7f2bb370b000-7f2bb3820000 ---p 00000000 00:00 0 
7f2bb3820000-7f2bb3837000 rw-p 00000000 00:00 0 
7f2bb3837000-7f2bb38b5000 ---p 00000000 00:00 0 
7f2bb38b5000-7f2bb38d9000 rw-p 00000000 00:00 0 
7f2bb38d9000-7f2bb3c76000 ---p 00000000 00:00 0 
7f2bb3c76000-7f2bb4526000 rwxp 00000000 00:00 0 
7f2bb4526000-7f2bc2c76000 ---p 00000000 00:00 0 
7f2bc2c76000-7f2bc2c90000 r-xp 00000000 00:19 17312760                   /home/ritz/apps/processing-3.0.1/java/lib/amd64/libzip.so
7f2bc2c90000-7f2bc2e90000 ---p 0001a000 00:19 17312760                   /home/ritz/apps/processing-3.0.1/java/lib/amd64/libzip.so
7f2bc2e90000-7f2bc2e91000 rw-p 0001a000 00:19 17312760                   /home/ritz/apps/processing-3.0.1/java/lib/amd64/libzip.so
7f2bc2e91000-7f2bc2e9c000 r-xp 00000000 08:05 920349                     /lib/x86_64-linux-gnu/libnss_files-2.19.so
7f2bc2e9c000-7f2bc309b000 ---p 0000b000 08:05 920349                     /lib/x86_64-linux-gnu/libnss_files-2.19.so
7f2bc309b000-7f2bc309c000 r--p 0000a000 08:05 920349                     /lib/x86_64-linux-gnu/libnss_files-2.19.so
7f2bc309c000-7f2bc309d000 rw-p 0000b000 08:05 920349                     /lib/x86_64-linux-gnu/libnss_files-2.19.so
7f2bc309d000-7f2bc30a8000 r-xp 00000000 08:05 919106                     /lib/x86_64-linux-gnu/libnss_nis-2.19.so
7f2bc30a8000-7f2bc32a7000 ---p 0000b000 08:05 919106                     /lib/x86_64-linux-gnu/libnss_nis-2.19.so
7f2bc32a7000-7f2bc32a8000 r--p 0000a000 08:05 919106                     /lib/x86_64-linux-gnu/libnss_nis-2.19.so
7f2bc32a8000-7f2bc32a9000 rw-p 0000b000 08:05 919106                     /lib/x86_64-linux-gnu/libnss_nis-2.19.so
7f2bc32a9000-7f2bc32c0000 r-xp 00000000 08:05 919098                     /lib/x86_64-linux-gnu/libnsl-2.19.so
7f2bc32c0000-7f2bc34bf000 ---p 00017000 08:05 919098                     /lib/x86_64-linux-gnu/libnsl-2.19.so
7f2bc34bf000-7f2bc34c0000 r--p 00016000 08:05 919098                     /lib/x86_64-linux-gnu/libnsl-2.19.so
7f2bc34c0000-7f2bc34c1000 rw-p 00017000 08:05 919098                     /lib/x86_64-linux-gnu/libnsl-2.19.so
7f2bc34c1000-7f2bc34c3000 rw-p 00000000 00:00 0 
7f2bc34c3000-7f2bc34cc000 r-xp 00000000 08:05 919032                     /lib/x86_64-linux-gnu/libnss_compat-2.19.so
7f2bc34cc000-7f2bc36cb000 ---p 00009000 08:05 919032                     /lib/x86_64-linux-gnu/libnss_compat-2.19.so
7f2bc36cb000-7f2bc36cc000 r--p 00008000 08:05 919032                     /lib/x86_64-linux-gnu/libnss_compat-2.19.so
7f2bc36cc000-7f2bc36cd000 rw-p 00009000 08:05 919032                     /lib/x86_64-linux-gnu/libnss_compat-2.19.so
7f2bc36cd000-7f2bc3997000 r--p 00000000 08:05 8530                       /usr/lib/locale/locale-archive
7f2bc3997000-7f2bc3999000 r-xp 00000000 00:19 17312740                   /home/ritz/apps/processing-3.0.1/java/lib/amd64/libnpt.so
7f2bc3999000-7f2bc3b99000 ---p 00002000 00:19 17312740                   /home/ritz/apps/processing-3.0.1/java/lib/amd64/libnpt.so
7f2bc3b99000-7f2bc3b9a000 rw-p 00002000 00:19 17312740                   /home/ritz/apps/processing-3.0.1/java/lib/amd64/libnpt.so
7f2bc3b9a000-7f2bc3bd3000 r-xp 00000000 00:19 17312755                   /home/ritz/apps/processing-3.0.1/java/lib/amd64/libjdwp.so
7f2bc3bd3000-7f2bc3dd2000 ---p 00039000 00:19 17312755                   /home/ritz/apps/processing-3.0.1/java/lib/amd64/libjdwp.so
7f2bc3dd2000-7f2bc3dd4000 rw-p 00038000 00:19 17312755                   /home/ritz/apps/processing-3.0.1/java/lib/amd64/libjdwp.so
7f2bc3dd4000-7f2bc3dfe000 r-xp 00000000 00:19 17312775                   /home/ritz/apps/processing-3.0.1/java/lib/amd64/libjava.so
7f2bc3dfe000-7f2bc3ffe000 ---p 0002a000 00:19 17312775                   /home/ritz/apps/processing-3.0.1/java/lib/amd64/libjava.so
7f2bc3ffe000-7f2bc4000000 rw-p 0002a000 00:19 17312775                   /home/ritz/apps/processing-3.0.1/java/lib/amd64/libjava.so
7f2bc4000000-7f2bc49c7000 rw-p 00000000 00:00 0 
7f2bc49c7000-7f2bc8000000 ---p 00000000 00:00 0 
7f2bc8000000-7f2bc8001000 r--s 00003000 00:19 17314231                   /home/ritz/apps/processing-3.0.1/modes/java/mode/classpath-explorer-1.0.jar
7f2bc8001000-7f2bc8003000 r--s 00034000 00:19 16913344                   /home/ritz/apps/processing-3.0.1/core/library/jogl-all-natives-linux-i586.jar
7f2bc8003000-7f2bc801d000 r--s 01689000 00:19 16913350                   /home/ritz/apps/processing-3.0.1/core/library/jogl-java-src.zip
7f2bc801d000-7f2bc802a000 r-xp 00000000 00:19 17312720                   /home/ritz/apps/processing-3.0.1/java/lib/amd64/libverify.so
7f2bc802a000-7f2bc822a000 ---p 0000d000 00:19 17312720                   /home/ritz/apps/processing-3.0.1/java/lib/amd64/libverify.so
7f2bc822a000-7f2bc822c000 rw-p 0000d000 00:19 17312720                   /home/ritz/apps/processing-3.0.1/java/lib/amd64/libverify.so
7f2bc822c000-7f2bc8233000 r-xp 00000000 08:05 920128                     /lib/x86_64-linux-gnu/librt-2.19.so
7f2bc8233000-7f2bc8432000 ---p 00007000 08:05 920128                     /lib/x86_64-linux-gnu/librt-2.19.so
7f2bc8432000-7f2bc8433000 r--p 00006000 08:05 920128                     /lib/x86_64-linux-gnu/librt-2.19.so
7f2bc8433000-7f2bc8434000 rw-p 00007000 08:05 920128                     /lib/x86_64-linux-gnu/librt-2.19.so
7f2bc8434000-7f2bc8539000 r-xp 00000000 08:05 918450                     /lib/x86_64-linux-gnu/libm-2.19.so
7f2bc8539000-7f2bc8738000 ---p 00105000 08:05 918450                     /lib/x86_64-linux-gnu/libm-2.19.so
7f2bc8738000-7f2bc8739000 r--p 00104000 08:05 918450                     /lib/x86_64-linux-gnu/libm-2.19.so
7f2bc8739000-7f2bc873a000 rw-p 00105000 08:05 918450                     /lib/x86_64-linux-gnu/libm-2.19.so
7f2bc873a000-7f2bc93e8000 r-xp 00000000 00:19 17312738                   /home/ritz/apps/processing-3.0.1/java/lib/amd64/server/libjvm.so
7f2bc93e8000-7f2bc95e8000 ---p 00cae000 00:19 17312738                   /home/ritz/apps/processing-3.0.1/java/lib/amd64/server/libjvm.so
7f2bc95e8000-7f2bc96bf000 rw-p 00cae000 00:19 17312738                   /home/ritz/apps/processing-3.0.1/java/lib/amd64/server/libjvm.so
7f2bc96bf000-7f2bc9703000 rw-p 00000000 00:00 0 
7f2bc9703000-7f2bc98be000 r-xp 00000000 08:05 920251                     /lib/x86_64-linux-gnu/libc-2.19.so
7f2bc98be000-7f2bc9abd000 ---p 001bb000 08:05 920251                     /lib/x86_64-linux-gnu/libc-2.19.so
7f2bc9abd000-7f2bc9ac1000 r--p 001ba000 08:05 920251                     /lib/x86_64-linux-gnu/libc-2.19.so
7f2bc9ac1000-7f2bc9ac3000 rw-p 001be000 08:05 920251                     /lib/x86_64-linux-gnu/libc-2.19.so
7f2bc9ac3000-7f2bc9ac8000 rw-p 00000000 00:00 0 
7f2bc9ac8000-7f2bc9acb000 r-xp 00000000 08:05 918725                     /lib/x86_64-linux-gnu/libdl-2.19.so
7f2bc9acb000-7f2bc9cca000 ---p 00003000 08:05 918725                     /lib/x86_64-linux-gnu/libdl-2.19.so
7f2bc9cca000-7f2bc9ccb000 r--p 00002000 08:05 918725                     /lib/x86_64-linux-gnu/libdl-2.19.so
7f2bc9ccb000-7f2bc9ccc000 rw-p 00003000 08:05 918725                     /lib/x86_64-linux-gnu/libdl-2.19.so
7f2bc9ccc000-7f2bc9ce1000 r-xp 00000000 00:19 17312717                   /home/ritz/apps/processing-3.0.1/java/lib/amd64/jli/libjli.so
7f2bc9ce1000-7f2bc9ee1000 ---p 00015000 00:19 17312717                   /home/ritz/apps/processing-3.0.1/java/lib/amd64/jli/libjli.so
7f2bc9ee1000-7f2bc9ee2000 rw-p 00015000 00:19 17312717                   /home/ritz/apps/processing-3.0.1/java/lib/amd64/jli/libjli.so
7f2bc9ee2000-7f2bc9efb000 r-xp 00000000 08:05 919100                     /lib/x86_64-linux-gnu/libpthread-2.19.so
7f2bc9efb000-7f2bca0fa000 ---p 00019000 08:05 919100                     /lib/x86_64-linux-gnu/libpthread-2.19.so
7f2bca0fa000-7f2bca0fb000 r--p 00018000 08:05 919100                     /lib/x86_64-linux-gnu/libpthread-2.19.so
7f2bca0fb000-7f2bca0fc000 rw-p 00019000 08:05 919100                     /lib/x86_64-linux-gnu/libpthread-2.19.so
7f2bca0fc000-7f2bca100000 rw-p 00000000 00:00 0 
7f2bca100000-7f2bca123000 r-xp 00000000 08:05 919102                     /lib/x86_64-linux-gnu/ld-2.19.so
7f2bca123000-7f2bca124000 r--s 00000000 00:19 16913355                   /home/ritz/apps/processing-3.0.1/core/library/gluegen-rt-natives-linux-armv6hf.jar
7f2bca124000-7f2bca125000 r--s 00001000 00:19 16913356                   /home/ritz/apps/processing-3.0.1/core/library/gluegen-rt-natives-windows-i586.jar
7f2bca125000-7f2bca126000 r--s 0006c000 00:19 16913340                   /home/ritz/apps/processing-3.0.1/core/library/jogl-all-natives-macosx-universal.jar
7f2bca126000-7f2bca1eb000 rw-p 00000000 00:00 0 
7f2bca1eb000-7f2bca1ee000 ---p 00000000 00:00 0 
7f2bca1ee000-7f2bca2f0000 rw-p 00000000 00:00 0                          [stack:13592]
7f2bca2f0000-7f2bca2f2000 r--s 00032000 00:19 16913339                   /home/ritz/apps/processing-3.0.1/core/library/jogl-all-natives-windows-i586.jar
7f2bca2f2000-7f2bca2f3000 r--s 00001000 00:19 16913353                   /home/ritz/apps/processing-3.0.1/core/library/gluegen-rt-natives-macosx-universal.jar
7f2bca2f3000-7f2bca2f5000 r--s 00000000 00:19 16913345                   /home/ritz/apps/processing-3.0.1/core/library/gluegen-rt-natives-linux-amd64.jar
7f2bca2f5000-7f2bca2fd000 r--s 003d3000 00:19 16913346                   /home/ritz/apps/processing-3.0.1/core/library/gluegen-java-src.zip
7f2bca2fd000-7f2bca2fe000 r--s 00001000 00:19 16913342                   /home/ritz/apps/processing-3.0.1/core/library/gluegen-rt-natives-windows-amd64.jar
7f2bca2fe000-7f2bca300000 r--s 00000000 00:19 16913343                   /home/ritz/apps/processing-3.0.1/core/library/gluegen-rt-natives-linux-i586.jar
7f2bca300000-7f2bca301000 r--s 00036000 00:19 16913351                   /home/ritz/apps/processing-3.0.1/core/library/jogl-all-natives-linux-amd64.jar
7f2bca301000-7f2bca302000 r--s 0003a000 00:19 16913352                   /home/ritz/apps/processing-3.0.1/core/library/jogl-all-natives-windows-amd64.jar
7f2bca302000-7f2bca303000 r--s 00028000 00:19 16913348                   /home/ritz/apps/processing-3.0.1/core/library/jogl-all-natives-linux-armv6hf.jar
7f2bca303000-7f2bca316000 rw-p 00000000 00:00 0 
7f2bca316000-7f2bca31e000 rw-s 00000000 08:05 283013                     /tmp/hsperfdata_ritz/13590
7f2bca31e000-7f2bca31f000 rw-p 00000000 00:00 0 
7f2bca31f000-7f2bca320000 r--p 00000000 00:00 0 
7f2bca320000-7f2bca322000 rw-p 00000000 00:00 0 
7f2bca322000-7f2bca323000 r--p 00022000 08:05 919102                     /lib/x86_64-linux-gnu/ld-2.19.so
7f2bca323000-7f2bca324000 rw-p 00023000 08:05 919102                     /lib/x86_64-linux-gnu/ld-2.19.so
7f2bca324000-7f2bca325000 rw-p 00000000 00:00 0 
7fffb91b5000-7fffb91d8000 rw-p 00000000 00:00 0                          [stack]
7fffb91fe000-7fffb9200000 r-xp 00000000 00:00 0                          [vdso]
ffffffffff600000-ffffffffff601000 r-xp 00000000 00:00 0                  [vsyscall]

VM Arguments:
jvm_args: -agentlib:jdwp=transport=dt_socket,address=8168,server=y,suspend=y -Djava.library.path=:/home/ritz/apps/processing-3.0.1/core/library:/usr/java/packages/lib/amd64:/usr/lib64:/lib64:/lib:/usr/lib -ea 
java_command: processing.core.PApplet --display=1 --sketch-path=/home/ritz/git/tripzilch/glsl-liveproc/glslLiveproc glslLiveproc
java_class_path (initial): /tmp/glslLiveproc7631965243561887187temp:/home/ritz/apps/processing-3.0.1/core/library/jogl-all-natives-linux-armv6hf.jar:/home/ritz/apps/processing-3.0.1/core/library/jogl-all-natives-windows-amd64.jar:/home/ritz/apps/processing-3.0.1/core/library/jogl-all-natives-linux-amd64.jar:/home/ritz/apps/processing-3.0.1/core/library/jogl-all.jar:/home/ritz/apps/processing-3.0.1/core/library/gluegen-rt-natives-linux-i586.jar:/home/ritz/apps/processing-3.0.1/core/library/gluegen-rt-natives-windows-amd64.jar:/home/ritz/apps/processing-3.0.1/core/library/gluegen-java-src.zip:/home/ritz/apps/processing-3.0.1/core/library/jogl-java-src.zip:/home/ritz/apps/processing-3.0.1/core/library/gluegen-rt-natives-linux-amd64.jar:/home/ritz/apps/processing-3.0.1/core/library/gluegen-rt-natives-macosx-universal.jar:/home/ritz/apps/processing-3.0.1/core/library/gluegen-rt.jar:/home/ritz/apps/processing-3.0.1/core/library/core.jar:/home/ritz/apps/processing-3.0.1/core/library/jogl-all-natives-windows-i586.jar:/home/ritz/apps/processing-3.0.1/core/library/jogl-all-natives-macosx-universal.jar:/home/ritz/apps/processing-3.0.1/core/library/gluegen-rt-natives-windows-i586.jar:/home/ritz/apps/processing-3.0.1/core/library/jogl-all-natives-linux-i586.jar:/home/ritz/apps/processing-3.0.1/core/library/gluegen-rt-natives-linux-armv6hf.jar:/home/ritz/apps/processing-3.0.1/core/library/jogl-all-natives-linux-armv6hf.jar:/home/ritz/apps/processing-3.0.1/core/library/jogl-all-natives-windows-amd64.jar:/home/ritz/apps/processing-3.0.1/core/library/jogl-all-natives-linux-amd64.jar:/home/ritz/apps/processing-3.0.1/core/library/jogl-all.jar:/home/ritz/apps/processing-3.0.1/core/library/gluegen-rt-natives-linux-i586.jar:/home/ritz/apps/processing-3.0.1/core/library/gluegen-rt-natives-windows-amd64.jar:/home/ritz/apps/processing-3.0.1/core/library/gluegen-java-src.zip:/home/ritz/apps/processing-3.0.1/core/library/jogl-java-src.zip:/home/ritz/apps/processing-3.0.1/core/library/gluege
Launcher Type: SUN_STANDARD

Environment Variables:
PATH=/home/ritz/apps/processing-3.0.1/java/bin:/home/ritz/bin:/usr/local/sbin:/usr/local/bin:/usr/sbin:/usr/bin:/sbin:/bin:/usr/games:/usr/local/games:/home/ritz/apps/processing-3.0.1
USERNAME=ritz
SHELL=/bin/zsh
DISPLAY=:0.0

Signal Handlers:
SIGSEGV: [libjvm.so+0xaad540], sa_mask[0]=11111111011111111101111111111110, sa_flags=SA_RESTART|SA_SIGINFO
SIGBUS: [libjvm.so+0xaad540], sa_mask[0]=11111111011111111101111111111110, sa_flags=SA_RESTART|SA_SIGINFO
SIGFPE: [libjvm.so+0x90b6b0], sa_mask[0]=11111111011111111101111111111110, sa_flags=SA_RESTART|SA_SIGINFO
SIGPIPE: [libjvm.so+0x90b6b0], sa_mask[0]=11111111011111111101111111111110, sa_flags=SA_RESTART|SA_SIGINFO
SIGXFSZ: [libjvm.so+0x90b6b0], sa_mask[0]=11111111011111111101111111111110, sa_flags=SA_RESTART|SA_SIGINFO
SIGILL: [libjvm.so+0x90b6b0], sa_mask[0]=11111111011111111101111111111110, sa_flags=SA_RESTART|SA_SIGINFO
SIGUSR1: SIG_DFL, sa_mask[0]=00000000000000000000000000000000, sa_flags=none
SIGUSR2: [libjvm.so+0x90ccf0], sa_mask[0]=00100000000000000000000000000000, sa_flags=SA_RESTART|SA_SIGINFO
SIGHUP: [libjvm.so+0x90e040], sa_mask[0]=11111111011111111101111111111110, sa_flags=SA_RESTART|SA_SIGINFO
SIGINT: [libjvm.so+0x90e040], sa_mask[0]=11111111011111111101111111111110, sa_flags=SA_RESTART|SA_SIGINFO
SIGTERM: [libjvm.so+0x90e040], sa_mask[0]=11111111011111111101111111111110, sa_flags=SA_RESTART|SA_SIGINFO
SIGQUIT: [libjvm.so+0x90e040], sa_mask[0]=11111111011111111101111111111110, sa_flags=SA_RESTART|SA_SIGINFO


---------------  S Y S T E M  ---------------

OS:DISTRIB_ID=LinuxMint
DISTRIB_RELEASE=17
DISTRIB_CODENAME=qiana
DISTRIB_DESCRIPTION="Linux Mint 17 Qiana"

uname:Linux 3.13.0-24-generic #47-Ubuntu SMP Fri May 2 23:30:00 UTC 2014 x86_64
libc:glibc 2.19 NPTL 2.19 
rlimit: STACK 8192k, CORE infinity, NPROC 28222, NOFILE 4096, AS infinity
load average:1,65 1,97 1,59

/proc/meminfo:
MemTotal:        3641608 kB
MemFree:          158168 kB
Buffers:           34212 kB
Cached:           470280 kB
SwapCached:        28824 kB
Active:           931116 kB
Inactive:         933736 kB
Active(anon):     764480 kB
Inactive(anon):   769752 kB
Active(file):     166636 kB
Inactive(file):   163984 kB
Unevictable:      108984 kB
Mlocked:          108984 kB
SwapTotal:       8013944 kB
SwapFree:        7732152 kB
Dirty:               400 kB
Writeback:             0 kB
AnonPages:       1448028 kB
Mapped:           660900 kB
Shmem:            170240 kB
Slab:             143892 kB
SReclaimable:      68396 kB
SUnreclaim:        75496 kB
KernelStack:        4248 kB
PageTables:        33204 kB
NFS_Unstable:          0 kB
Bounce:                0 kB
WritebackTmp:          0 kB
CommitLimit:     9834748 kB
Committed_AS:    4541608 kB
VmallocTotal:   34359738367 kB
VmallocUsed:      308712 kB
VmallocChunk:   34359394580 kB
HardwareCorrupted:     0 kB
AnonHugePages:     77824 kB
HugePages_Total:       0
HugePages_Free:        0
HugePages_Rsvd:        0
HugePages_Surp:        0
Hugepagesize:       2048 kB
DirectMap4k:     2683672 kB
DirectMap2M:     1097728 kB
DirectMap1G:           0 kB


CPU:total 2 (2 cores per cpu, 1 threads per core) family 20 model 2 stepping 0, cmov, cx8, fxsr, mmx, sse, sse2, sse3, ssse3, popcnt, mmxext, lzcnt, sse4a, tsc, tscinvbit, tscinv

/proc/cpuinfo:
processor	: 0
vendor_id	: AuthenticAMD
cpu family	: 20
model		: 2
model name	: AMD E-450 APU with Radeon(tm) HD Graphics
stepping	: 0
microcode	: 0x5000101
cpu MHz		: 1650.000
cache size	: 512 KB
physical id	: 0
siblings	: 2
core id		: 0
cpu cores	: 2
apicid		: 0
initial apicid	: 0
fpu		: yes
fpu_exception	: yes
cpuid level	: 6
wp		: yes
flags		: fpu vme de pse tsc msr pae mce cx8 apic sep mtrr pge mca cmov pat pse36 clflush mmx fxsr sse sse2 ht syscall nx mmxext fxsr_opt pdpe1gb rdtscp lm constant_tsc rep_good nopl nonstop_tsc extd_apicid aperfmperf pni monitor ssse3 cx16 popcnt lahf_lm cmp_legacy svm extapic cr8_legacy abm sse4a misalignsse 3dnowprefetch ibs skinit wdt arat hw_pstate npt lbrv svm_lock nrip_save pausefilter
bogomips	: 3292.95
TLB size	: 1024 4K pages
clflush size	: 64
cache_alignment	: 64
address sizes	: 36 bits physical, 48 bits virtual
power management: ts ttp tm stc 100mhzsteps hwpstate

processor	: 1
vendor_id	: AuthenticAMD
cpu family	: 20
model		: 2
model name	: AMD E-450 APU with Radeon(tm) HD Graphics
stepping	: 0
microcode	: 0x5000101
cpu MHz		: 1650.000
cache size	: 512 KB
physical id	: 0
siblings	: 2
core id		: 1
cpu cores	: 2
apicid		: 1
initial apicid	: 1
fpu		: yes
fpu_exception	: yes
cpuid level	: 6
wp		: yes
flags		: fpu vme de pse tsc msr pae mce cx8 apic sep mtrr pge mca cmov pat pse36 clflush mmx fxsr sse sse2 ht syscall nx mmxext fxsr_opt pdpe1gb rdtscp lm constant_tsc rep_good nopl nonstop_tsc extd_apicid aperfmperf pni monitor ssse3 cx16 popcnt lahf_lm cmp_legacy svm extapic cr8_legacy abm sse4a misalignsse 3dnowprefetch ibs skinit wdt arat hw_pstate npt lbrv svm_lock nrip_save pausefilter
bogomips	: 3292.95
TLB size	: 1024 4K pages
clflush size	: 64
cache_alignment	: 64
address sizes	: 36 bits physical, 48 bits virtual
power management: ts ttp tm stc 100mhzsteps hwpstate



Memory: 4k page, physical 3641608k(158144k free), swap 8013944k(7732152k free)

vm_info: Java HotSpot(TM) 64-Bit Server VM (25.51-b03) for linux-amd64 JRE (1.8.0_51-b16), built on Jun  8 2015 19:28:07 by "java_re" with gcc 4.3.0 20080428 (Red Hat 4.3.0-8)

time: Thu Feb 18 21:46:03 2016
elapsed time: 712 seconds (0d 0h 11m 52s)

